[COM15] 9
[COM15] 9
[COM15] 1
[COM15] 9
[COM15] 9
[COM15] 9
[COM15] 1
[COM15] 9
[COM15] 1
[COM15] 2 0 255 255 255
[COM15] 7 30 255 255 0
[COM15] 8 30 255 0 0 255 77 0 255 153 0 255 229 0 204 255 0 128 255 0 51 255 0 0 255 25 0 255 102 0 255 179 0 255 255 0 178 255 0 102 255 0 25 255 51 0 255 128 0 255 204 0 255 255 0 230
[COM15] 9
[COM15] 1
[COM15] 8 30 255 0 0 255 77 0 255 153 0 255 229 0 204 255 0 128 255 0 51 255 0 0 255 25 0 255 102 0 255 179 0 255 255 0 178 255 0 102 255 0 25 255 51 0 255 128 0 255 204 0 255 255 0 230
[COM15] 4 30
[COM15] 1
[COM15] 9
[COM15] 2 0 255 255 255
[COM15] 8 30 255 0 0 255 77 0 255 153 0 255 229 0 204 255 0 128 255 0 51 255 0 0 255 25 0 255 102 0 255 179 0 255 255 0 178 255 0 102 255 0 25 255 51 0 255 128 0 255 204 0 255 255 0 230
[COM15] 7 30 255 255 0
[COM15] 7 100 255 255 255
[COM15] 6 30 255 0 0 255 77 0 255 153 0 255 229 0 204 255 0 128 255 0 51 255 0 0 255 25 0 255 102 0 255 179 0 255 255 0 178 255 0 102 255 0 25 255 51 0 255 128 0 255 204 0 255 255 0 230
[COM15] 2 0 255 255 255
[COM15] 6 30 255 0 0 255 77 0 255 153 0 255 229 0 204 255 0 128 255 0 51 255 0 0 255 25 0 255 102 0 255 179 0 255 255 0 178 255 0 102 255 0 25 255 51 0 255 128 0 255 204 0 255 255 0 230
[COM15] 4 100
[COM15] 4 10
[COM15] 4 30
